app/build/intermediates/manifest_merge_blame_file/debug/manifest-merger-blame-debug-report.txt
1<?xml version="1.0" encoding="utf-8"?>
2<manifest xmlns:android="http://schemas.android.com/apk/res/android"
3    package="com.example.apollodemo3"
4    android:versionCode="1"
5    android:versionName="1.0" >
6
7    <uses-sdk
8        android:minSdkVersion="16"
8-->src\main\AndroidManifest.xml
9        android:targetSdkVersion="32" />
9-->src\main\AndroidManifest.xml
10
11    <application
11-->src\main\AndroidManifest.xml:5:5-57:19
12        android:allowBackup="true"
12-->src\main\AndroidManifest.xml:6:9-35
13        android:appComponentFactory="androidx.core.app.CoreComponentFactory"
13-->[androidx.core:core:1.8.0] AndroidManifest.xml:24:18-86
14        android:dataExtractionRules="@xml/data_extraction_rules"
14-->src\main\AndroidManifest.xml:7:9-65
15        android:debuggable="true"
16        android:fullBackupContent="@xml/backup_rules"
16-->src\main\AndroidManifest.xml:8:9-54
17        android:icon="@mipmap/ic_launcher"
17-->src\main\AndroidManifest.xml:9:9-43
18        android:label="ApolloProjMent"
18-->src\main\AndroidManifest.xml:10:9-39
19        android:roundIcon="@mipmap/ic_launcher_round"
19-->src\main\AndroidManifest.xml:11:9-54
20        android:supportsRtl="true"
20-->src\main\AndroidManifest.xml:12:9-35
21        android:testOnly="true"
22        android:theme="@style/Theme.ApolloDemo3" >
22-->src\main\AndroidManifest.xml:13:9-49
23        <activity
23-->src\main\AndroidManifest.xml:15:9-27:20
24            android:name="com.example.apollodemo3.SplashScreen"
24-->src\main\AndroidManifest.xml:16:13-41
25            android:exported="true" >
25-->src\main\AndroidManifest.xml:17:13-36
26            <intent-filter>
26-->src\main\AndroidManifest.xml:19:13-23:29
27                <action android:name="android.intent.action.MAIN" />
27-->src\main\AndroidManifest.xml:20:17-69
27-->src\main\AndroidManifest.xml:20:25-66
28
29                <category android:name="android.intent.category.LAUNCHER" />
29-->src\main\AndroidManifest.xml:22:17-77
29-->src\main\AndroidManifest.xml:22:27-74
30            </intent-filter>
31
32            <meta-data
32-->src\main\AndroidManifest.xml:24:13-26:36
33                android:name="android.app.lib_name"
33-->src\main\AndroidManifest.xml:25:17-52
34                android:value="" />
34-->src\main\AndroidManifest.xml:26:17-33
35        </activity>
36        <activity
36-->src\main\AndroidManifest.xml:28:9-34:20
37            android:name="com.example.apollodemo3.Home"
37-->src\main\AndroidManifest.xml:29:13-33
38            android:exported="false" >
38-->src\main\AndroidManifest.xml:30:13-37
39            <meta-data
39-->src\main\AndroidManifest.xml:24:13-26:36
40                android:name="android.app.lib_name"
40-->src\main\AndroidManifest.xml:25:17-52
41                android:value="" />
41-->src\main\AndroidManifest.xml:26:17-33
42        </activity>
43        <activity
43-->src\main\AndroidManifest.xml:35:9-41:20
44            android:name="com.example.apollodemo3.DbHandler"
44-->src\main\AndroidManifest.xml:36:13-38
45            android:exported="false" >
45-->src\main\AndroidManifest.xml:37:13-37
46            <meta-data
46-->src\main\AndroidManifest.xml:24:13-26:36
47                android:name="android.app.lib_name"
47-->src\main\AndroidManifest.xml:25:17-52
48                android:value="" />
48-->src\main\AndroidManifest.xml:26:17-33
49        </activity>
50        <activity
50-->src\main\AndroidManifest.xml:42:9-48:20
51            android:name="com.example.apollodemo3.Register"
51-->src\main\AndroidManifest.xml:43:13-37
52            android:exported="false" >
52-->src\main\AndroidManifest.xml:44:13-37
53            <meta-data
53-->src\main\AndroidManifest.xml:24:13-26:36
54                android:name="android.app.lib_name"
54-->src\main\AndroidManifest.xml:25:17-52
55                android:value="" />
55-->src\main\AndroidManifest.xml:26:17-33
56        </activity>
57        <activity
57-->src\main\AndroidManifest.xml:49:9-56:20
58            android:name="com.example.apollodemo3.Login"
58-->src\main\AndroidManifest.xml:50:13-34
59            android:exported="false" >
59-->src\main\AndroidManifest.xml:51:13-37
60            <meta-data
60-->src\main\AndroidManifest.xml:24:13-26:36
61                android:name="android.app.lib_name"
61-->src\main\AndroidManifest.xml:25:17-52
62                android:value="" />
62-->src\main\AndroidManifest.xml:26:17-33
63        </activity>
64
65        <provider
65-->[androidx.emoji2:emoji2:1.2.0] AndroidManifest.xml:24:9-32:20
66            android:name="androidx.startup.InitializationProvider"
66-->[androidx.emoji2:emoji2:1.2.0] AndroidManifest.xml:25:13-67
67            android:authorities="com.example.apollodemo3.androidx-startup"
67-->[androidx.emoji2:emoji2:1.2.0] AndroidManifest.xml:26:13-68
68            android:exported="false" >
68-->[androidx.emoji2:emoji2:1.2.0] AndroidManifest.xml:27:13-37
69            <meta-data
69-->[androidx.emoji2:emoji2:1.2.0] AndroidManifest.xml:29:13-31:52
70                android:name="androidx.emoji2.text.EmojiCompatInitializer"
70-->[androidx.emoji2:emoji2:1.2.0] AndroidManifest.xml:30:17-75
71                android:value="androidx.startup" />
71-->[androidx.emoji2:emoji2:1.2.0] AndroidManifest.xml:31:17-49
72            <meta-data
72-->[androidx.lifecycle:lifecycle-process:2.4.1] AndroidManifest.xml:31:13-33:52
73                android:name="androidx.lifecycle.ProcessLifecycleInitializer"
73-->[androidx.lifecycle:lifecycle-process:2.4.1] AndroidManifest.xml:32:17-78
74                android:value="androidx.startup" />
74-->[androidx.lifecycle:lifecycle-process:2.4.1] AndroidManifest.xml:33:17-49
75        </provider>
76    </application>
77
78</manifest>